<?xml version="1.0" encoding="UTF-8"?>
<testng-results skipped="0" failed="0" total="1" passed="1">
  <reporter-output>
  </reporter-output>
  <suite name="Default suite" duration-ms="34" started-at="2016-11-11T12:09:26Z" finished-at="2016-11-11T12:09:26Z">
    <groups>
    </groups>
    <test name="Default test" duration-ms="34" started-at="2016-11-11T12:09:26Z" finished-at="2016-11-11T12:09:26Z">
      <class name="TestTest">
        <test-method status="PASS" signature="f()[pri:0, instance:TestTest@47c62251]" name="f" duration-ms="12" started-at="2016-11-11T17:54:26Z" finished-at="2016-11-11T17:54:26Z">
          <reporter-output>
          </reporter-output>
        </test-method> <!-- f -->
      </class> <!-- TestTest -->
    </test> <!-- Default test -->
  </suite> <!-- Default suite -->
</testng-results>
